17:51:02:160 [ALWAYS]	GUDE Logging Started
17:51:02:161 [INFO]	SqliteResumeCache::SqliteResumeCache basedirectory is null/empty
17:51:02:161 [ERROR]	SqliteResumeCache::CreateSqliteResumeCache creating resume cache pointer failure
17:51:02:161 [ERROR]	Initialize resume cache pointer failure
17:51:02:161 [INFO]	gude policy POLICY_USER limit (2,2,1) chunk 2097152, chunking (UL 0 DL 1), resXfer 1, adapt 0, NSURL 0, timeout 86400 
17:51:02:161 [INFO]	Initialized -- gude-lib version: v0.12.1 app: gude
17:51:16:287 [ALWAYS]	GUDE Logging Started
17:51:16:287 [INFO]	SqliteResumeCache::SqliteResumeCache basedirectory is null/empty
17:51:16:287 [ERROR]	SqliteResumeCache::CreateSqliteResumeCache creating resume cache pointer failure
17:51:16:287 [ERROR]	Initialize resume cache pointer failure
17:51:16:287 [INFO]	gude policy POLICY_USER limit (2,2,1) chunk 2097152, chunking (UL 0 DL 1), resXfer 1, adapt 0, NSURL 0, timeout 86400 
17:51:16:287 [INFO]	Initialized -- gude-lib version: v0.12.1 app: gude
17:55:41:475 [ALWAYS]	GUDE Logging Started
17:55:41:476 [INFO]	SqliteResumeCache::SqliteResumeCache basedirectory is null/empty
17:55:41:476 [ERROR]	SqliteResumeCache::CreateSqliteResumeCache creating resume cache pointer failure
17:55:41:476 [ERROR]	Initialize resume cache pointer failure
17:55:41:476 [INFO]	gude policy POLICY_USER limit (2,2,1) chunk 2097152, chunking (UL 0 DL 1), resXfer 1, adapt 0, NSURL 0, timeout 86400 
17:55:41:476 [INFO]	Initialized -- gude-lib version: v0.12.1 app: gude
17:55:46:773 [WARN]	Ignoring attempt to reinit logging to \gude at level 4 retaining 3 days of logs
17:55:46:773 [INFO]	SqliteResumeCache::SqliteResumeCache basedirectory is null/empty
17:55:46:773 [ERROR]	SqliteResumeCache::CreateSqliteResumeCache creating resume cache pointer failure
17:55:46:773 [ERROR]	Initialize resume cache pointer failure
17:55:46:773 [INFO]	gude policy POLICY_USER limit (4,4,1) chunk 2097152, chunking (UL 0 DL 1), resXfer 1, adapt 0, NSURL 1, timeout 86400 
17:55:46:773 [INFO]	Initialized -- gude-lib version: v0.12.1 app: gude
